Drill report for /Users/alexm/dev/canhw/vent/vent.kicad_pcb
Created on Sunday, January 13, 2019 at 05:16:26 pm

Copper Layer Stackup:
    =============================================================
    L1 :  F.Cu                      front
    L2 :  B.Cu                      back


Drill file 'vent-PTH.drl' contains
    plated through holes:
    =============================================================
    T1  0.40mm  0.016"  (55 holes)
    T2  0.68mm  0.027"  (12 holes)
    T3  0.80mm  0.031"  (2 holes)
    T4  1.60mm  0.063"  (4 holes)
    T5  2.00mm  0.079"  (2 holes)
    T6  3.20mm  0.126"  (3 holes)

    Total plated holes count 78


Drill file 'vent-NPTH.drl' contains
    unplated through holes:
    =============================================================
    T1  2.20mm  0.087"  (4 holes)

    Total unplated holes count 4
