2025-10-07 01:01:14,077 [INFO] Activator:176 - 


2025-10-07 01:01:14,078 [INFO] Activator:177 - !SESSION log4j initialized
2025-10-07 01:01:16,430 [INFO] LogOutputStream:77 - [STDOUT_REDIRECT] 
2025-10-07 01:01:17,756 [INFO] ApplicationProperties:184 - Using Application install path: C:\ST\STM32CubeIDE_1.19.0\STM32CubeIDE\plugins\com.st.stm32cube.common.mx_6.15.0.202507011659
2025-10-07 01:01:17,774 [INFO] DbMcusXml:78 - Set database path to: C:\ST\STM32CubeIDE_1.19.0\STM32CubeIDE\plugins\com.st.stm32cube.common.mx_6.15.0.202507011659\\db\/mcu/
2025-10-07 01:01:17,774 [INFO] ApiDb:274 - Set plugin database path to: C:\ST\STM32CubeIDE_1.19.0\STM32CubeIDE\plugins\com.st.stm32cube.common.mx_6.15.0.202507011659\\db\/plugins/boardmanager/
2025-10-07 01:01:17,775 [WARN] ApiDb:259 - Overriding images path with different value:  => C:\ST\STM32CubeIDE_1.19.0\STM32CubeIDE\plugins\com.st.stm32cube.common.mx_6.15.0.202507011659\\db\/plugins/mcufinder/images/
2025-10-07 01:01:17,781 [INFO] ApiDb:250 - Set database path to: C:\Users\batman\.stmcufinder\plugins\mcufinder//mcu/
2025-10-07 01:01:17,782 [INFO] DbMcusAds:125 - Set database path to: C:\Users\batman\.stmcufinder\plugins\mcufinder//mcu/
2025-10-07 01:01:17,784 [INFO] CrossReferenceDbSqlite:203 - Set database path to: C:\Users\batman\.stmcufinder\plugins\mcufinder//mcu/cs/
2025-10-07 01:01:17,901 [INFO] RulesReader:64 - Compatibility file has been processed (317 Rules)
2025-10-07 01:01:17,984 [INFO] DbMcusXml:78 - Set database path to: C:\ST\STM32CubeIDE_1.19.0\STM32CubeIDE\plugins\com.st.stm32cube.common.mx_6.15.0.202507011659\\db\/mcu/
2025-10-07 01:01:17,984 [INFO] ApiDb:274 - Set plugin database path to: C:\ST\STM32CubeIDE_1.19.0\STM32CubeIDE\plugins\com.st.stm32cube.common.mx_6.15.0.202507011659\\db\/plugins/boardmanager/
2025-10-07 01:01:17,984 [INFO] ApiDb:261 - Set plugin images path to: C:\ST\STM32CubeIDE_1.19.0\STM32CubeIDE\plugins\com.st.stm32cube.common.mx_6.15.0.202507011659\\db\/plugins/mcufinder/images/
2025-10-07 01:01:17,984 [WARN] DbFile:41 - Overriding database path with different value: C:\Users\batman\.stmcufinder\plugins\mcufinder/ => C:\Users\batman\.stmcufinder\plugins\mcufinder
2025-10-07 01:01:17,984 [INFO] ApiDb:250 - Set database path to: C:\Users\batman\.stmcufinder\plugins\mcufinder//mcu/
2025-10-07 01:01:17,984 [WARN] DbFile:41 - Overriding database path with different value: C:\Users\batman\.stmcufinder\plugins\mcufinder/ => C:\Users\batman\.stmcufinder\plugins\mcufinder
2025-10-07 01:01:17,984 [INFO] DbMcusAds:125 - Set database path to: C:\Users\batman\.stmcufinder\plugins\mcufinder//mcu/
2025-10-07 01:01:17,984 [WARN] DbFile:41 - Overriding database path with different value: C:\Users\batman\.stmcufinder\plugins\mcufinder/ => C:\Users\batman\.stmcufinder\plugins\mcufinder
2025-10-07 01:01:17,984 [WARN] DbFile:41 - Overriding database path with different value: C:\Users\batman\.stmcufinder\plugins\mcufinder/ => C:\Users\batman\.stmcufinder\plugins\mcufinder
2025-10-07 01:01:17,984 [INFO] CrossReferenceDbSqlite:203 - Set database path to: C:\Users\batman\.stmcufinder\plugins\mcufinder//mcu/cs/
2025-10-07 01:01:18,044 [INFO] MainPanel:274 - HeapMemory: 268435456
2025-10-07 01:01:18,170 [INFO] DbMcusXml:78 - Set database path to: C:\ST\STM32CubeIDE_1.19.0\STM32CubeIDE\plugins\com.st.stm32cube.common.mx_6.15.0.202507011659\\db\/mcu/
2025-10-07 01:01:18,170 [INFO] ApiDb:274 - Set plugin database path to: C:\ST\STM32CubeIDE_1.19.0\STM32CubeIDE\plugins\com.st.stm32cube.common.mx_6.15.0.202507011659\\db\/plugins/boardmanager/
2025-10-07 01:01:18,170 [INFO] ApiDb:261 - Set plugin images path to: C:\ST\STM32CubeIDE_1.19.0\STM32CubeIDE\plugins\com.st.stm32cube.common.mx_6.15.0.202507011659\\db\/plugins/mcufinder/images/
2025-10-07 01:01:18,170 [WARN] DbFile:41 - Overriding database path with different value: C:\Users\batman\.stmcufinder\plugins\mcufinder/ => C:\Users\batman\.stmcufinder\plugins\mcufinder
2025-10-07 01:01:18,170 [INFO] ApiDb:250 - Set database path to: C:\Users\batman\.stmcufinder\plugins\mcufinder//mcu/
2025-10-07 01:01:18,170 [WARN] DbFile:41 - Overriding database path with different value: C:\Users\batman\.stmcufinder\plugins\mcufinder/ => C:\Users\batman\.stmcufinder\plugins\mcufinder
2025-10-07 01:01:18,170 [INFO] DbMcusAds:125 - Set database path to: C:\Users\batman\.stmcufinder\plugins\mcufinder//mcu/
2025-10-07 01:01:18,170 [WARN] DbFile:41 - Overriding database path with different value: C:\Users\batman\.stmcufinder\plugins\mcufinder/ => C:\Users\batman\.stmcufinder\plugins\mcufinder
2025-10-07 01:01:18,170 [WARN] DbFile:41 - Overriding database path with different value: C:\Users\batman\.stmcufinder\plugins\mcufinder/ => C:\Users\batman\.stmcufinder\plugins\mcufinder
2025-10-07 01:01:18,170 [INFO] CrossReferenceDbSqlite:203 - Set database path to: C:\Users\batman\.stmcufinder\plugins\mcufinder//mcu/cs/
2025-10-07 01:01:18,187 [INFO] ApplicationProperties:184 - Using Application install path: C:\ST\STM32CubeIDE_1.19.0\STM32CubeIDE\plugins\com.st.stm32cube.common.mx_6.15.0.202507011659
2025-10-07 01:01:18,188 [INFO] PluginManage:196 - Search for loadable plugins [exclusion list=, ]
2025-10-07 01:01:18,189 [INFO] PluginManage:310 - Check plugin analytics
2025-10-07 01:01:18,328 [INFO] AnalyticsPlugin:253 - Accepted Software Licenses: 
2025-10-07 01:01:18,329 [INFO] AnalyticsPlugin:255 - Accepted CMSIS Pack Licenses: 
2025-10-07 01:01:18,329 [INFO] AnalyticsPlugin:257 - Accepted Firmware Licenses: 
2025-10-07 01:01:18,332 [INFO] PluginManage:359 - Loaded plugin analytics (category:tool,tabindex:-1)
2025-10-07 01:01:18,332 [INFO] PluginManage:310 - Check plugin cadmodel
2025-10-07 01:01:18,335 [INFO] CADModel:105 - Init CAD model plugin
2025-10-07 01:01:18,335 [INFO] PluginManage:359 - Loaded plugin cadmodel (category:power,tabindex:5)
2025-10-07 01:01:18,336 [INFO] PluginManage:310 - Check plugin clock
2025-10-07 01:01:18,344 [INFO] PluginManage:359 - Loaded plugin clock (category:base,tabindex:2)
2025-10-07 01:01:18,344 [INFO] PluginManage:310 - Check plugin ddr
2025-10-07 01:01:18,352 [INFO] PluginManage:359 - Loaded plugin ddr (category:tool,tabindex:6)
2025-10-07 01:01:18,353 [INFO] PluginManage:310 - Check plugin filemanager
2025-10-07 01:01:18,500 [INFO] PluginManage:359 - Loaded plugin filemanager (category:base,tabindex:10)
2025-10-07 01:01:18,500 [INFO] PluginManage:310 - Check plugin ipmanager
2025-10-07 01:01:18,505 [INFO] PluginManage:359 - Loaded plugin ipmanager (category:base,tabindex:5)
2025-10-07 01:01:18,505 [INFO] PluginManage:310 - Check plugin lpbam
2025-10-07 01:01:18,514 [INFO] PluginManage:359 - Loaded plugin lpbam (category:base,tabindex:0)
2025-10-07 01:01:18,514 [INFO] PluginManage:310 - Check plugin memorymap
2025-10-07 01:01:18,533 [INFO] PluginManage:359 - Loaded plugin memorymap (category:base,tabindex:4)
2025-10-07 01:01:18,534 [INFO] PluginManage:310 - Check plugin pinoutandconfiguration
2025-10-07 01:01:18,541 [INFO] PluginManage:359 - Loaded plugin pinoutandconfiguration (category:base,tabindex:1)
2025-10-07 01:01:18,541 [INFO] PluginManage:310 - Check plugin pinoutconfig
2025-10-07 01:01:18,615 [WARN] SupportedApi:132 - Cannot load RTOS API schema: s4s-elt-must-match.1: The content of 'definitions' must match (annotation?, (simpleType | complexType)?, (unique | key | keyref)*)). A problem was found starting at: attribute.
2025-10-07 01:01:18,754 [INFO] PluginManage:359 - Loaded plugin pinoutconfig (category:base,tabindex:0)
2025-10-07 01:01:18,754 [INFO] PluginManage:310 - Check plugin power
2025-10-07 01:01:18,759 [INFO] PluginManage:359 - Loaded plugin power (category:power,tabindex:4)
2025-10-07 01:01:18,759 [INFO] PluginManage:310 - Check plugin projectmanager
2025-10-07 01:01:18,775 [INFO] PluginManage:359 - Loaded plugin projectmanager (category:projectmanager,tabindex:4)
2025-10-07 01:01:18,776 [INFO] PluginManage:310 - Check plugin rif
2025-10-07 01:01:18,783 [INFO] PluginManage:359 - Loaded plugin rif (category:base,tabindex:3)
2025-10-07 01:01:18,783 [INFO] PluginManage:310 - Check plugin thirdparty
2025-10-07 01:01:18,906 [INFO] PluginManage:359 - Loaded plugin thirdparty (category:base,tabindex:-1)
2025-10-07 01:01:18,906 [WARN] IntegrityCheckThread:84 - waiting for thirdparty lock release [integrity check]
2025-10-07 01:01:18,906 [INFO] PluginManage:310 - Check plugin tools
2025-10-07 01:01:18,906 [INFO] IntegrityCheckThread:86 - entering critical section [integrity check]
2025-10-07 01:01:18,907 [INFO] ThirdPartyUpdaterWithRetryManager:70 - Updater plugin not ready yet. [1/15]
2025-10-07 01:01:18,909 [INFO] PluginManage:359 - Loaded plugin tools (category:base,tabindex:7)
2025-10-07 01:01:18,909 [INFO] PluginManage:310 - Check plugin tutovideos
2025-10-07 01:01:19,159 [INFO] PluginManage:359 - Loaded plugin tutovideos (category:base,tabindex:-1)
2025-10-07 01:01:19,159 [INFO] PluginManage:310 - Check plugin updater
2025-10-07 01:01:19,176 [INFO] PluginManage:359 - Loaded plugin updater (category:base,tabindex:12)
2025-10-07 01:01:19,176 [INFO] PluginManage:310 - Check plugin userauth
2025-10-07 01:01:19,183 [INFO] UserAuth:118 - Init User Auth plugin
2025-10-07 01:01:19,183 [INFO] PluginManage:359 - Loaded plugin userauth (category:base,tabindex:14)
2025-10-07 01:01:19,184 [INFO] PluginManage:283 - PluginManage : Loaded plugins [18]
2025-10-07 01:01:19,371 [INFO] PinOutPanel:1589 - setPackage(No Configuration,No Configuration)
2025-10-07 01:01:19,452 [INFO] CADModel:165 - CPN selected for project level
2025-10-07 01:01:19,452 [INFO] CADModel:114 - Register for checkConnection events
2025-10-07 01:01:19,466 [INFO] IPUIPlugin:80 - create IPUIPlugin
2025-10-07 01:01:19,466 [INFO] PluginManager:220 - loadIPPluginJar : add adc
2025-10-07 01:01:19,468 [INFO] IPUIPlugin:80 - create IPUIPlugin
2025-10-07 01:01:19,468 [INFO] PluginManager:220 - loadIPPluginJar : add aes
2025-10-07 01:01:19,470 [INFO] IPUIPlugin:80 - create IPUIPlugin
2025-10-07 01:01:19,470 [INFO] PluginManager:220 - loadIPPluginJar : add can
2025-10-07 01:01:19,471 [INFO] IPUIPlugin:80 - create IPUIPlugin
2025-10-07 01:01:19,471 [INFO] PluginManager:220 - loadIPPluginJar : add comp
2025-10-07 01:01:19,473 [INFO] IPUIPlugin:80 - create IPUIPlugin
2025-10-07 01:01:19,473 [INFO] PluginManager:220 - loadIPPluginJar : add cryp
2025-10-07 01:01:19,476 [INFO] IPUIPlugin:80 - create IPUIPlugin
2025-10-07 01:01:19,476 [INFO] PluginManager:220 - loadIPPluginJar : add ddr_ctrl_phy
2025-10-07 01:01:19,477 [INFO] IPUIPlugin:80 - create IPUIPlugin
2025-10-07 01:01:19,478 [INFO] PluginManager:220 - loadIPPluginJar : add dfsdm
2025-10-07 01:01:19,482 [INFO] IPUIPlugin:80 - create IPUIPlugin
2025-10-07 01:01:19,482 [INFO] PluginManager:220 - loadIPPluginJar : add dma
2025-10-07 01:01:19,483 [INFO] IPUIPlugin:80 - create IPUIPlugin
2025-10-07 01:01:19,483 [INFO] PluginManager:220 - loadIPPluginJar : add dma3
2025-10-07 01:01:19,486 [INFO] IPUIPlugin:80 - create IPUIPlugin
2025-10-07 01:01:19,486 [INFO] PluginManager:220 - loadIPPluginJar : add extmemmanager
2025-10-07 01:01:19,486 [INFO] IPUIPlugin:80 - create IPUIPlugin
2025-10-07 01:01:19,487 [INFO] PluginManager:220 - loadIPPluginJar : add fatfs
2025-10-07 01:01:19,490 [INFO] IPUIPlugin:80 - create IPUIPlugin
2025-10-07 01:01:19,490 [INFO] PluginManager:220 - loadIPPluginJar : add fmc
2025-10-07 01:01:19,493 [INFO] IPUIPlugin:80 - create IPUIPlugin
2025-10-07 01:01:19,494 [INFO] PluginManager:220 - loadIPPluginJar : add freertos
2025-10-07 01:01:19,494 [INFO] IPUIPlugin:80 - create IPUIPlugin
2025-10-07 01:01:19,494 [INFO] PluginManager:220 - loadIPPluginJar : add genericplugin
2025-10-07 01:01:19,495 [INFO] IPUIPlugin:80 - create IPUIPlugin
2025-10-07 01:01:19,495 [INFO] PluginManager:220 - loadIPPluginJar : add gfxmmu
2025-10-07 01:01:19,498 [INFO] IPUIPlugin:80 - create IPUIPlugin
2025-10-07 01:01:19,498 [INFO] PluginManager:220 - loadIPPluginJar : add gic
2025-10-07 01:01:19,501 [INFO] IPUIPlugin:80 - create IPUIPlugin
2025-10-07 01:01:19,501 [INFO] PluginManager:220 - loadIPPluginJar : add gpio
2025-10-07 01:01:19,502 [INFO] IPUIPlugin:80 - create IPUIPlugin
2025-10-07 01:01:19,503 [INFO] PluginManager:220 - loadIPPluginJar : add gtzc
2025-10-07 01:01:19,504 [INFO] IPUIPlugin:80 - create IPUIPlugin
2025-10-07 01:01:19,504 [INFO] PluginManager:220 - loadIPPluginJar : add hash
2025-10-07 01:01:19,505 [INFO] IPUIPlugin:80 - create IPUIPlugin
2025-10-07 01:01:19,506 [INFO] PluginManager:220 - loadIPPluginJar : add i2c
2025-10-07 01:01:19,507 [INFO] IPUIPlugin:80 - create IPUIPlugin
2025-10-07 01:01:19,507 [INFO] PluginManager:220 - loadIPPluginJar : add i2s
2025-10-07 01:01:19,509 [INFO] IPUIPlugin:80 - create IPUIPlugin
2025-10-07 01:01:19,509 [INFO] PluginManager:220 - loadIPPluginJar : add i3c
2025-10-07 01:01:19,512 [INFO] IPUIPlugin:80 - create IPUIPlugin
2025-10-07 01:01:19,513 [INFO] PluginManager:220 - loadIPPluginJar : add ipddr
2025-10-07 01:01:19,517 [INFO] IPUIPlugin:80 - create IPUIPlugin
2025-10-07 01:01:19,517 [INFO] PluginManager:220 - loadIPPluginJar : add linkedlist
2025-10-07 01:01:19,521 [INFO] IPUIPlugin:80 - create IPUIPlugin
2025-10-07 01:01:19,521 [INFO] PluginManager:220 - loadIPPluginJar : add lorawan
2025-10-07 01:01:19,522 [INFO] IPUIPlugin:80 - create IPUIPlugin
2025-10-07 01:01:19,522 [INFO] PluginManager:220 - loadIPPluginJar : add ltdc
2025-10-07 01:01:19,525 [INFO] IPUIPlugin:80 - create IPUIPlugin
2025-10-07 01:01:19,525 [INFO] PluginManager:220 - loadIPPluginJar : add mdma
2025-10-07 01:01:19,528 [INFO] IPUIPlugin:80 - create IPUIPlugin
2025-10-07 01:01:19,528 [INFO] PluginManager:220 - loadIPPluginJar : add nvic
2025-10-07 01:01:19,530 [INFO] IPUIPlugin:80 - create IPUIPlugin
2025-10-07 01:01:19,531 [INFO] PluginManager:220 - loadIPPluginJar : add opamp
2025-10-07 01:01:19,533 [INFO] IPUIPlugin:80 - create IPUIPlugin
2025-10-07 01:01:19,533 [INFO] PluginManager:220 - loadIPPluginJar : add openamp
2025-10-07 01:01:19,535 [INFO] IPUIPlugin:80 - create IPUIPlugin
2025-10-07 01:01:19,535 [INFO] PluginManager:220 - loadIPPluginJar : add pdm2pcm
2025-10-07 01:01:19,539 [INFO] IPUIPlugin:80 - create IPUIPlugin
2025-10-07 01:01:19,540 [INFO] PluginManager:220 - loadIPPluginJar : add plateformsettings
2025-10-07 01:01:19,541 [INFO] IPUIPlugin:80 - create IPUIPlugin
2025-10-07 01:01:19,541 [INFO] PluginManager:220 - loadIPPluginJar : add quadspi
2025-10-07 01:01:19,542 [INFO] IPUIPlugin:80 - create IPUIPlugin
2025-10-07 01:01:19,543 [INFO] PluginManager:220 - loadIPPluginJar : add radio
2025-10-07 01:01:19,544 [INFO] IPUIPlugin:80 - create IPUIPlugin
2025-10-07 01:01:19,544 [INFO] PluginManager:220 - loadIPPluginJar : add resmgrutility
2025-10-07 01:01:19,546 [INFO] IPUIPlugin:80 - create IPUIPlugin
2025-10-07 01:01:19,546 [INFO] PluginManager:220 - loadIPPluginJar : add sai
2025-10-07 01:01:19,547 [INFO] IPUIPlugin:80 - create IPUIPlugin
2025-10-07 01:01:19,547 [INFO] PluginManager:220 - loadIPPluginJar : add spi
2025-10-07 01:01:19,551 [INFO] IPUIPlugin:80 - create IPUIPlugin
2025-10-07 01:01:19,551 [INFO] PluginManager:220 - loadIPPluginJar : add stm32_wpan
2025-10-07 01:01:19,552 [INFO] IPUIPlugin:80 - create IPUIPlugin
2025-10-07 01:01:19,552 [INFO] PluginManager:220 - loadIPPluginJar : add tim
2025-10-07 01:01:19,554 [INFO] IPUIPlugin:80 - create IPUIPlugin
2025-10-07 01:01:19,554 [INFO] PluginManager:220 - loadIPPluginJar : add touchsensing
2025-10-07 01:01:19,555 [INFO] IPUIPlugin:80 - create IPUIPlugin
2025-10-07 01:01:19,555 [INFO] PluginManager:220 - loadIPPluginJar : add tracer_emb
2025-10-07 01:01:19,556 [INFO] IPUIPlugin:80 - create IPUIPlugin
2025-10-07 01:01:19,556 [INFO] PluginManager:220 - loadIPPluginJar : add ts
2025-10-07 01:01:19,556 [INFO] IPUIPlugin:80 - create IPUIPlugin
2025-10-07 01:01:19,557 [INFO] PluginManager:220 - loadIPPluginJar : add tsc
2025-10-07 01:01:19,557 [INFO] IPUIPlugin:80 - create IPUIPlugin
2025-10-07 01:01:19,557 [INFO] PluginManager:220 - loadIPPluginJar : add ucpd
2025-10-07 01:01:19,559 [INFO] IPUIPlugin:80 - create IPUIPlugin
2025-10-07 01:01:19,559 [INFO] PluginManager:220 - loadIPPluginJar : add usart
2025-10-07 01:01:19,560 [INFO] IPUIPlugin:80 - create IPUIPlugin
2025-10-07 01:01:19,560 [INFO] PluginManager:220 - loadIPPluginJar : add usbx
2025-10-07 01:01:19,673 [FATAL] Updater:351 - Updater called before beeing initialized
2025-10-07 01:01:19,698 [INFO] RulesReader:64 - Compatibility file has been processed (317 Rules)
2025-10-07 01:01:19,706 [INFO] RulesReader:64 - Compatibility file has been processed (317 Rules)
2025-10-07 01:01:19,716 [INFO] CADModel:165 - CPN selected for project level
2025-10-07 01:01:19,716 [INFO] CADModel:114 - Register for checkConnection events
2025-10-07 01:01:19,716 [FATAL] Updater:351 - Updater called before beeing initialized
2025-10-07 01:01:19,716 [ERROR] CADModel:125 - Updater not yet initialized, retry later 
2025-10-07 01:01:19,866 [FATAL] Updater:351 - Updater called before beeing initialized
2025-10-07 01:01:19,869 [INFO] CADModel:165 - CPN selected for project level
2025-10-07 01:01:19,869 [INFO] CADModel:114 - Register for checkConnection events
2025-10-07 01:01:19,869 [FATAL] Updater:351 - Updater called before beeing initialized
2025-10-07 01:01:19,869 [ERROR] CADModel:125 - Updater not yet initialized, retry later 
2025-10-07 01:01:19,874 [FATAL] Updater:351 - Updater called before beeing initialized
2025-10-07 01:01:19,951 [FATAL] Updater:351 - Updater called before beeing initialized
2025-10-07 01:01:19,954 [INFO] DbMcusAds:53 - JSON generation date=Thu Oct 02 02:36:05 PDT 2025 (1759397765645)
2025-10-07 01:01:19,954 [FATAL] Updater:351 - Updater called before beeing initialized
2025-10-07 01:01:19,980 [WARN] DetailPanel:346 - Failed to get advertising image, set to default
2025-10-07 01:01:20,031 [FATAL] Updater:351 - Updater called before beeing initialized
2025-10-07 01:01:20,032 [FATAL] Updater:351 - Updater called before beeing initialized
2025-10-07 01:01:20,032 [FATAL] Updater:351 - Updater called before beeing initialized
2025-10-07 01:01:20,032 [WARN] DetailPanel:346 - Failed to get advertising image, set to default
2025-10-07 01:01:20,033 [FATAL] Updater:351 - Updater called before beeing initialized
2025-10-07 01:01:20,072 [ERROR] Updater:1198 - MainUpdater not yet initialized. External WinMGr cannot be set.
2025-10-07 01:01:20,073 [INFO] Updater:1134 - Updater Version found : 6.15.0
2025-10-07 01:01:20,084 [INFO] ApplicationProperties:184 - Using Application install path: C:\ST\STM32CubeIDE_1.19.0\STM32CubeIDE\plugins\com.st.stm32cube.common.mx_6.15.0.202507011659
2025-10-07 01:01:21,678 [ERROR] LogOutputStream:75 - [STDERR_REDIRECT] Oct 07, 2025 1:01:21 AM java.util.prefs.WindowsPreferences <init>
2025-10-07 01:01:21,680 [ERROR] LogOutputStream:75 - [STDERR_REDIRECT] WARNING: Could not open/create prefs root node Software\JavaSoft\Prefs at root 0xffffffff80000002. Windows RegCreateKeyEx(...) returned error code 5.
2025-10-07 01:01:21,680 [ERROR] LogOutputStream:75 - [STDERR_REDIRECT] 
2025-10-07 01:01:21,919 [INFO] ThirdPartyUpdaterWithRetryManager:70 - Updater plugin not ready yet. [2/15]
2025-10-07 01:01:21,932 [INFO] MainUpdater:2872 - connection check result : 10
2025-10-07 01:01:21,933 [INFO] MainUpdater:289 - Updater Check For Update Now.
2025-10-07 01:01:21,933 [INFO] MicroXplorer:498 - Change Database Version : DB.6.0.150
2025-10-07 01:01:21,944 [INFO] McuFinderGlobals:63 - Set McuFinder mode to 2 (CubeIDE integrated)
2025-10-07 01:01:21,944 [INFO] UserAuth:171 - activating auth plugin
2025-10-07 01:01:21,945 [INFO] UserAuth:487 - Internet connection configuration mode: 1
2025-10-07 01:01:21,989 [INFO] JxBrowserEngine:152 - Initiate JxBrowser Engine with user profile folder
2025-10-07 01:01:22,087 [INFO] CheckServerUpdateThread:120 - End of CheckServer Thread
2025-10-07 01:01:22,974 [INFO] WebApp:169 - Instantiating new browser for Auth
2025-10-07 01:01:23,591 [INFO] WebApp:463 - Apply proxy settings
2025-10-07 01:01:23,592 [INFO] WebApp:548 - Chromium requires no authentication
2025-10-07 01:01:23,610 [INFO] WebApp:491 - Direct internet connection detected
2025-10-07 01:01:23,633 [INFO] WebApp:900 - Register for checkConnection events
2025-10-07 01:01:23,633 [INFO] WebApp:463 - Apply proxy settings
2025-10-07 01:01:23,633 [INFO] WebApp:548 - Chromium requires no authentication
2025-10-07 01:01:23,634 [INFO] WebApp:491 - Direct internet connection detected
2025-10-07 01:01:23,734 [INFO] WebApp:191 - Connection restablished
2025-10-07 01:01:23,830 [INFO] WebApp:225 - Starting web application
2025-10-07 01:01:23,830 [INFO] WebApp:593 - Web application path used C:\ST\STM32CubeIDE_1.19.0\STM32CubeIDE\plugins\com.st.stm32cube.common.mx_6.15.0.202507011659\db\plugins\mcufinder\reactClient1\index.html
2025-10-07 01:01:24,029 [ERROR] LogOutputStream:75 - [STDERR_REDIRECT] [Fatal Error] :1:1: Premature end of file.
2025-10-07 01:01:24,029 [ERROR] LogOutputStream:75 - [STDERR_REDIRECT] 
2025-10-07 01:01:25,025 [ERROR] LogOutputStream:75 - [STDERR_REDIRECT] [Fatal Error] :1:1: Premature end of file.
2025-10-07 01:01:25,025 [ERROR] LogOutputStream:75 - [STDERR_REDIRECT] 
2025-10-07 01:01:25,049 [WARN] PackLoader:240 - Cannot read IP mode file for STMicroelectronics.FP-SNS-MOTENVWB1.1.4.0
2025-10-07 01:01:25,056 [WARN] PackLoader:240 - Cannot read IP mode file for STMicroelectronics.FP-ATR-ASTRA1.2.0.2
2025-10-07 01:01:25,061 [WARN] PackLoader:240 - Cannot read IP mode file for STMicroelectronics.X-CUBE-SMBUS.2.1.0
2025-10-07 01:01:25,063 [WARN] PackLoader:240 - Cannot read IP mode file for STMicroelectronics.X-CUBE-ST60.1.0.0
2025-10-07 01:01:25,078 [WARN] PackLoader:240 - Cannot read IP mode file for STMicroelectronics.X-CUBE-AZRTOS-F7.1.1.0
2025-10-07 01:01:25,081 [WARN] PackLoader:240 - Cannot read IP mode file for Cesanta.I-CUBE-Mongoose.7.19.0
2025-10-07 01:01:25,089 [WARN] PackLoader:240 - Cannot read IP mode file for WES.I-CUBE-Cesium.1.4.0
2025-10-07 01:01:25,103 [WARN] PackLoader:240 - Cannot read IP mode file for Infineon.AIROC-Wi-Fi-Bluetooth-STM32.1.7.1
2025-10-07 01:01:25,123 [WARN] PackLoader:240 - Cannot read IP mode file for STMicroelectronics.X-CUBE-AZRTOS-H7.3.4.0
2025-10-07 01:01:25,129 [WARN] PackLoader:240 - Cannot read IP mode file for STMicroelectronics.X-CUBE-DISPLAY.3.0.0
2025-10-07 01:01:25,143 [WARN] PackLoader:240 - Cannot read IP mode file for STMicroelectronics.X-CUBE-NFC10.1.0.0
2025-10-07 01:01:25,147 [WARN] PackLoader:240 - Cannot read IP mode file for emotas.I-CUBE-CANOPEN.1.3.0
2025-10-07 01:01:25,153 [WARN] PackLoader:240 - Cannot read IP mode file for STMicroelectronics.FP-SNS-STBOX1.2.1.0
2025-10-07 01:01:25,157 [WARN] PackLoader:240 - Cannot read IP mode file for STMicroelectronics.FP-SNS-SMARTAG2.1.2.0
2025-10-07 01:01:25,159 [WARN] PackLoader:240 - Cannot read IP mode file for STMicroelectronics.FP-SNS-FLIGHT1.5.1.0
2025-10-07 01:01:25,163 [INFO] LogOutputStream:77 - [STDOUT_REDIRECT] 1 : Invalid condition id : UX_CORESTACK_Condition cause : null
2025-10-07 01:01:25,164 [INFO] LogOutputStream:77 - [STDOUT_REDIRECT] 1 : Invalid condition id : UX_CORESTACK_Condition cause : null
2025-10-07 01:01:25,165 [INFO] LogOutputStream:77 - [STDOUT_REDIRECT] 1 : Invalid condition id : UX_CORESTACK_Condition cause : null
2025-10-07 01:01:25,165 [INFO] LogOutputStream:77 - [STDOUT_REDIRECT] 1 : Invalid condition id : UX_CORESTACK_Condition cause : null
2025-10-07 01:01:25,166 [INFO] LogOutputStream:77 - [STDOUT_REDIRECT] 1 : Invalid condition id : UX_CORESTACK_Condition cause : null
2025-10-07 01:01:25,168 [WARN] PackLoader:240 - Cannot read IP mode file for STMicroelectronics.X-CUBE-AZRTOS-WL.2.0.0
2025-10-07 01:01:25,170 [WARN] PackLoader:240 - Cannot read IP mode file for STMicroelectronics.FP-SNS-MOTENV1.5.0.0
2025-10-07 01:01:25,174 [WARN] PackLoader:240 - Cannot read IP mode file for STMicroelectronics.X-CUBE-BLE2.3.3.0
2025-10-07 01:01:25,178 [WARN] PackLoader:240 - Cannot read IP mode file for STMicroelectronics.X-CUBE-NFC9.1.0.0
2025-10-07 01:01:25,181 [WARN] PackLoader:240 - Cannot read IP mode file for wolfSSL.I-CUBE-wolfSSL.5.8.2
2025-10-07 01:01:25,184 [WARN] PackLoader:240 - Cannot read IP mode file for STMicroelectronics.X-CUBE-BLE1.7.1.0
2025-10-07 01:01:25,186 [WARN] PackLoader:240 - Cannot read IP mode file for wolfSSL.I-CUBE-wolfMQTT.1.19.2
2025-10-07 01:01:25,189 [WARN] PackLoader:240 - Cannot read IP mode file for STMicroelectronics.X-CUBE-EEPRMA1.5.2.0
2025-10-07 01:01:25,205 [WARN] PackLoader:240 - Cannot read IP mode file for STMicroelectronics.X-CUBE-AZRTOS-G0.1.1.0
2025-10-07 01:01:25,209 [WARN] PackLoader:240 - Cannot read IP mode file for STMicroelectronics.X-CUBE-SAFEA1.1.2.2
2025-10-07 01:01:25,212 [WARN] PackLoader:240 - Cannot read IP mode file for STMicroelectronics.X-CUBE-NFC4.3.0.0
2025-10-07 01:01:25,215 [WARN] PackLoader:240 - Cannot read IP mode file for EmbeddedOffice.I-CUBE-FS-RTOS.1.0.1
2025-10-07 01:01:25,218 [WARN] PackLoader:240 - Cannot read IP mode file for STMicroelectronics.X-CUBE-WB05N.2.0.0
2025-10-07 01:01:25,220 [WARN] PackLoader:240 - Cannot read IP mode file for wolfSSL.I-CUBE-wolfTPM.3.8.0
2025-10-07 01:01:25,223 [WARN] PackLoader:240 - Cannot read IP mode file for STMicroelectronics.X-CUBE-TCPP.4.2.0
2025-10-07 01:01:25,226 [WARN] PackLoader:240 - Cannot read IP mode file for RealThread.X-CUBE-RT-Thread_Nano.4.1.1
2025-10-07 01:01:25,227 [WARN] PackLoader:240 - Cannot read IP mode file for STMicroelectronics.FP-ATR-SIGFOX1.3.2.0
2025-10-07 01:01:25,230 [WARN] PackLoader:240 - Cannot read IP mode file for ITTIA_DB.I-CUBE-ITTIADB.8.9.0
2025-10-07 01:01:25,235 [WARN] PackLoader:240 - Cannot read IP mode file for STMicroelectronics.X-CUBE-ST67W61.1.0.0
2025-10-07 01:01:25,238 [WARN] PackLoader:240 - Cannot read IP mode file for STMicroelectronics.X-CUBE-AI.10.2.0
2025-10-07 01:01:25,249 [WARN] PackLoader:240 - Cannot read IP mode file for SEGGER.I-CUBE-embOS.1.3.1
2025-10-07 01:01:25,267 [WARN] PackLoader:240 - Cannot read IP mode file for STMicroelectronics.X-CUBE-ALGOBUILD.1.4.0
2025-10-07 01:01:25,286 [WARN] PackLoader:240 - Cannot read IP mode file for STMicroelectronics.X-CUBE-MEMS1.11.3.0
2025-10-07 01:01:25,378 [WARN] PackLoader:240 - Cannot read IP mode file for STMicroelectronics.X-CUBE-PM33A1.1.0.0
2025-10-07 01:01:25,384 [WARN] PackLoader:240 - Cannot read IP mode file for STMicroelectronics.X-CUBE-AZRTOS-F4.1.1.0
2025-10-07 01:01:25,388 [WARN] PackLoader:240 - Cannot read IP mode file for Avnet-IotConnect.X-CUBE-IoTC-DA16k-PMOD.1.0.0
2025-10-07 01:01:25,391 [WARN] PackLoader:240 - Cannot read IP mode file for STMicroelectronics.X-CUBE-ISPU.2.1.0
2025-10-07 01:01:25,395 [WARN] PackLoader:240 - Cannot read IP mode file for STMicroelectronics.X-CUBE-NFC12.1.0.0
2025-10-07 01:01:25,408 [WARN] PackLoader:240 - Cannot read IP mode file for STMicroelectronics.X-CUBE-AZRTOS-L5.2.0.0
2025-10-07 01:01:25,416 [WARN] PackLoader:240 - Cannot read IP mode file for STMicroelectronics.X-CUBE-NFC6.3.1.0
2025-10-07 01:01:25,418 [WARN] PackLoader:240 - Cannot read IP mode file for STMicroelectronics.X-CUBE-FREERTOS.1.3.1
2025-10-07 01:01:25,426 [WARN] PackLoader:240 - Cannot read IP mode file for STMicroelectronics.X-CUBE-TOUCHGFX.4.26.0
2025-10-07 01:01:25,429 [WARN] PackLoader:240 - Cannot read IP mode file for STMicroelectronics.FP-SNS-STAIOTCFT.1.0.0
2025-10-07 01:01:25,431 [WARN] PackLoader:240 - Cannot read IP mode file for STMicroelectronics.X-CUBE-DPower.1.3.0
2025-10-07 01:01:25,437 [WARN] ConditionMgr:438 - getConditionDescription Invalid condition id : LAN8742 Phy interface Condition cause : null
2025-10-07 01:01:25,437 [WARN] PackLoader:240 - Cannot read IP mode file for STMicroelectronics.X-CUBE-AZRTOS-L4.2.0.0
2025-10-07 01:01:25,437 [WARN] ConditionMgr:1044 - genDependencies : Invalid condition id : LAN8742 Phy interface Condition cause : null
2025-10-07 01:01:25,437 [WARN] ConditionMgr:1044 - genDependencies : Invalid condition id : LAN8742 Phy interface Condition cause : null
2025-10-07 01:01:25,438 [WARN] ConditionMgr:1044 - genDependencies : Invalid condition id : LAN8742 Phy interface Condition cause : null
2025-10-07 01:01:25,441 [WARN] PackLoader:240 - Cannot read IP mode file for STMicroelectronics.X-CUBE-SFXS2LP1.4.0.0
2025-10-07 01:01:25,445 [WARN] PackLoader:240 - Cannot read IP mode file for STMicroelectronics.X-CUBE-BLEMGR.4.1.0
2025-10-07 01:01:25,455 [WARN] ConditionMgr:438 - getConditionDescription Invalid condition id : UX DEVICE CLASS RTOS Condition cause : null
2025-10-07 01:01:25,455 [WARN] ConditionMgr:438 - getConditionDescription Invalid condition id : UX DEVICE CLASS RTOS Condition cause : null
2025-10-07 01:01:25,456 [WARN] PackLoader:240 - Cannot read IP mode file for STMicroelectronics.X-CUBE-AZRTOS-WB.2.0.0
2025-10-07 01:01:25,456 [WARN] ConditionMgr:1044 - genDependencies : Invalid condition id : UX DEVICE CLASS RTOS Condition cause : null
2025-10-07 01:01:25,456 [WARN] ConditionMgr:1044 - genDependencies : Invalid condition id : UX DEVICE CLASS RTOS Condition cause : null
2025-10-07 01:01:25,457 [WARN] ConditionMgr:1044 - genDependencies : Invalid condition id : UX DEVICE CLASS RTOS Condition cause : null
2025-10-07 01:01:25,457 [WARN] ConditionMgr:1044 - genDependencies : Invalid condition id : UX DEVICE CLASS RTOS Condition cause : null
2025-10-07 01:01:25,457 [WARN] ConditionMgr:1044 - genDependencies : Invalid condition id : UX DEVICE CLASS RTOS Condition cause : null
2025-10-07 01:01:25,459 [WARN] PackLoader:240 - Cannot read IP mode file for STMicroelectronics.X-CUBE-GNSS1.7.0.1
2025-10-07 01:01:25,461 [WARN] PackLoader:240 - Cannot read IP mode file for STMicroelectronics.X-CUBE-TOUCHGFX.4.25.0
2025-10-07 01:01:25,463 [WARN] ConditionMgr:438 - getConditionDescription Invalid condition id : Cortex-A Device cause : null
2025-10-07 01:01:25,480 [WARN] ConditionMgr:1044 - genDependencies : Invalid condition id : Cortex-A Device cause : null
2025-10-07 01:01:25,480 [WARN] ConditionMgr:1044 - genDependencies : Invalid condition id : Cortex-A Device cause : null
2025-10-07 01:01:25,481 [WARN] ConditionMgr:1044 - genDependencies : Invalid condition id : Cortex-A Device cause : null
2025-10-07 01:01:25,485 [WARN] PackLoader:240 - Cannot read IP mode file for STMicroelectronics.X-CUBE-SUBG2.5.0.0
2025-10-07 01:01:25,496 [WARN] PackLoader:240 - Cannot read IP mode file for STMicroelectronics.X-CUBE-AZRTOS-H7RS.1.1.0
2025-10-07 01:01:25,505 [WARN] PackLoader:240 - Cannot read IP mode file for STMicroelectronics.X-CUBE-AZRTOS-G4.2.0.0
2025-10-07 01:01:25,511 [WARN] PackLoader:240 - Cannot read IP mode file for wolfSSL.I-CUBE-wolfSSH.1.4.20
2025-10-07 01:01:25,513 [WARN] PackLoader:240 - Cannot read IP mode file for STMicroelectronics.X-CUBE-NFC7.2.0.0
2025-10-07 01:01:25,519 [WARN] PackLoader:240 - Cannot read IP mode file for STMicroelectronics.X-CUBE-IPS.3.1.0
2025-10-07 01:01:25,525 [WARN] PackLoader:240 - Cannot read IP mode file for STMicroelectronics.X-CUBE-ALS.1.0.2
2025-10-07 01:01:25,527 [WARN] PackLoader:240 - Cannot read IP mode file for STMicroelectronics.X-CUBE-STSE01.1.0.0
2025-10-07 01:01:25,532 [WARN] PackLoader:240 - Cannot read IP mode file for STMicroelectronics.X-CUBE-TOF1.3.4.3
2025-10-07 01:01:25,538 [INFO] ThirdParty:978 - Integrity check success = true
2025-10-07 01:01:25,538 [INFO] IntegrityCheckThread:100 - exiting critical section [integrity check]
2025-10-07 01:01:25,538 [INFO] IntegrityCheckThread:103 - End integrity checks thread
2025-10-07 01:01:26,025 [ERROR] LogOutputStream:75 - [STDERR_REDIRECT] [Fatal Error] :1:1: Premature end of file.
2025-10-07 01:01:26,025 [ERROR] LogOutputStream:75 - [STDERR_REDIRECT] 
2025-10-07 01:01:27,018 [ERROR] LogOutputStream:75 - [STDERR_REDIRECT] [Fatal Error] :1:1: Premature end of file.
2025-10-07 01:01:27,018 [ERROR] LogOutputStream:75 - [STDERR_REDIRECT] 
2025-10-07 01:01:28,022 [ERROR] LogOutputStream:75 - [STDERR_REDIRECT] [Fatal Error] :1:1: Premature end of file.
2025-10-07 01:01:28,022 [ERROR] LogOutputStream:75 - [STDERR_REDIRECT] 
2025-10-07 01:01:29,019 [ERROR] LogOutputStream:75 - [STDERR_REDIRECT] [Fatal Error] :1:1: Premature end of file.
2025-10-07 01:01:29,019 [ERROR] LogOutputStream:75 - [STDERR_REDIRECT] 
2025-10-07 01:01:30,021 [ERROR] LogOutputStream:75 - [STDERR_REDIRECT] [Fatal Error] :1:1: Premature end of file.
2025-10-07 01:01:30,021 [ERROR] LogOutputStream:75 - [STDERR_REDIRECT] 
2025-10-07 01:01:31,022 [ERROR] LogOutputStream:75 - [STDERR_REDIRECT] [Fatal Error] :1:1: Premature end of file.
2025-10-07 01:01:31,022 [ERROR] LogOutputStream:75 - [STDERR_REDIRECT] 
2025-10-07 01:01:32,020 [ERROR] LogOutputStream:75 - [STDERR_REDIRECT] [Fatal Error] :1:1: Premature end of file.
2025-10-07 01:01:32,021 [ERROR] LogOutputStream:75 - [STDERR_REDIRECT] 
2025-10-07 01:01:33,019 [ERROR] LogOutputStream:75 - [STDERR_REDIRECT] [Fatal Error] :1:1: Premature end of file.
2025-10-07 01:01:33,020 [ERROR] LogOutputStream:75 - [STDERR_REDIRECT] 
2025-10-07 01:01:34,021 [ERROR] LogOutputStream:75 - [STDERR_REDIRECT] [Fatal Error] :1:1: Premature end of file.
2025-10-07 01:01:34,021 [ERROR] LogOutputStream:75 - [STDERR_REDIRECT] 
2025-10-07 01:01:35,023 [ERROR] LogOutputStream:75 - [STDERR_REDIRECT] [Fatal Error] :1:1: Premature end of file.
2025-10-07 01:01:35,023 [ERROR] LogOutputStream:75 - [STDERR_REDIRECT] 
2025-10-07 01:01:36,021 [ERROR] LogOutputStream:75 - [STDERR_REDIRECT] [Fatal Error] :1:1: Premature end of file.
2025-10-07 01:01:36,021 [ERROR] LogOutputStream:75 - [STDERR_REDIRECT] 
2025-10-07 01:01:37,019 [ERROR] LogOutputStream:75 - [STDERR_REDIRECT] [Fatal Error] :1:1: Premature end of file.
2025-10-07 01:01:37,019 [ERROR] LogOutputStream:75 - [STDERR_REDIRECT] 
2025-10-07 01:01:38,020 [ERROR] LogOutputStream:75 - [STDERR_REDIRECT] [Fatal Error] :1:1: Premature end of file.
2025-10-07 01:01:38,021 [ERROR] LogOutputStream:75 - [STDERR_REDIRECT] 
2025-10-07 01:01:39,020 [ERROR] LogOutputStream:75 - [STDERR_REDIRECT] [Fatal Error] :1:1: Premature end of file.
2025-10-07 01:01:39,020 [ERROR] LogOutputStream:75 - [STDERR_REDIRECT] 
2025-10-07 01:01:40,019 [ERROR] LogOutputStream:75 - [STDERR_REDIRECT] [Fatal Error] :1:1: Premature end of file.
2025-10-07 01:01:40,019 [ERROR] LogOutputStream:75 - [STDERR_REDIRECT] 
2025-10-07 01:01:41,023 [ERROR] LogOutputStream:75 - [STDERR_REDIRECT] [Fatal Error] :1:1: Premature end of file.
2025-10-07 01:01:41,024 [ERROR] LogOutputStream:75 - [STDERR_REDIRECT] 
2025-10-07 01:01:42,020 [ERROR] LogOutputStream:75 - [STDERR_REDIRECT] [Fatal Error] :1:1: Premature end of file.
2025-10-07 01:01:42,020 [ERROR] LogOutputStream:75 - [STDERR_REDIRECT] 
2025-10-07 01:01:43,021 [ERROR] LogOutputStream:75 - [STDERR_REDIRECT] [Fatal Error] :1:1: Premature end of file.
2025-10-07 01:01:43,021 [ERROR] LogOutputStream:75 - [STDERR_REDIRECT] 
2025-10-07 01:01:44,023 [ERROR] LogOutputStream:75 - [STDERR_REDIRECT] [Fatal Error] :1:1: Premature end of file.
2025-10-07 01:01:44,023 [ERROR] LogOutputStream:75 - [STDERR_REDIRECT] 
2025-10-07 01:01:45,016 [ERROR] LogOutputStream:75 - [STDERR_REDIRECT] [Fatal Error] :1:1: Premature end of file.
2025-10-07 01:01:45,016 [ERROR] LogOutputStream:75 - [STDERR_REDIRECT] 
2025-10-07 01:01:46,018 [ERROR] LogOutputStream:75 - [STDERR_REDIRECT] [Fatal Error] :1:1: Premature end of file.
2025-10-07 01:01:46,018 [ERROR] LogOutputStream:75 - [STDERR_REDIRECT] 
2025-10-07 01:01:47,022 [ERROR] LogOutputStream:75 - [STDERR_REDIRECT] [Fatal Error] :1:1: Premature end of file.
2025-10-07 01:01:47,022 [ERROR] LogOutputStream:75 - [STDERR_REDIRECT] 
2025-10-07 01:01:48,021 [ERROR] LogOutputStream:75 - [STDERR_REDIRECT] [Fatal Error] :1:1: Premature end of file.
2025-10-07 01:01:48,022 [ERROR] LogOutputStream:75 - [STDERR_REDIRECT] 
2025-10-07 01:01:49,023 [ERROR] LogOutputStream:75 - [STDERR_REDIRECT] [Fatal Error] :1:1: Premature end of file.
2025-10-07 01:01:49,023 [ERROR] LogOutputStream:75 - [STDERR_REDIRECT] 
2025-10-07 01:01:50,020 [ERROR] LogOutputStream:75 - [STDERR_REDIRECT] [Fatal Error] :1:1: Premature end of file.
2025-10-07 01:01:50,020 [ERROR] LogOutputStream:75 - [STDERR_REDIRECT] 
2025-10-07 01:01:51,026 [ERROR] LogOutputStream:75 - [STDERR_REDIRECT] [Fatal Error] :1:1: Premature end of file.
2025-10-07 01:01:51,026 [ERROR] LogOutputStream:75 - [STDERR_REDIRECT] 
2025-10-07 01:01:52,020 [ERROR] LogOutputStream:75 - [STDERR_REDIRECT] [Fatal Error] :1:1: Premature end of file.
2025-10-07 01:01:52,020 [ERROR] LogOutputStream:75 - [STDERR_REDIRECT] 
2025-10-07 01:01:53,024 [ERROR] LogOutputStream:75 - [STDERR_REDIRECT] [Fatal Error] :1:1: Premature end of file.
2025-10-07 01:01:53,024 [ERROR] LogOutputStream:75 - [STDERR_REDIRECT] 
2025-10-07 01:01:54,020 [ERROR] LogOutputStream:75 - [STDERR_REDIRECT] [Fatal Error] :1:1: Premature end of file.
2025-10-07 01:01:54,021 [ERROR] LogOutputStream:75 - [STDERR_REDIRECT] 
2025-10-07 01:01:55,023 [ERROR] LogOutputStream:75 - [STDERR_REDIRECT] [Fatal Error] :1:1: Premature end of file.
2025-10-07 01:01:55,023 [ERROR] LogOutputStream:75 - [STDERR_REDIRECT] 
2025-10-07 01:01:56,021 [ERROR] LogOutputStream:75 - [STDERR_REDIRECT] [Fatal Error] :1:1: Premature end of file.
2025-10-07 01:01:56,021 [ERROR] LogOutputStream:75 - [STDERR_REDIRECT] 
2025-10-07 01:01:57,027 [ERROR] LogOutputStream:75 - [STDERR_REDIRECT] [Fatal Error] :1:1: Premature end of file.
2025-10-07 01:01:57,027 [ERROR] LogOutputStream:75 - [STDERR_REDIRECT] 
2025-10-07 01:01:58,019 [ERROR] LogOutputStream:75 - [STDERR_REDIRECT] [Fatal Error] :1:1: Premature end of file.
2025-10-07 01:01:58,019 [ERROR] LogOutputStream:75 - [STDERR_REDIRECT] 
2025-10-07 01:01:59,020 [ERROR] LogOutputStream:75 - [STDERR_REDIRECT] [Fatal Error] :1:1: Premature end of file.
2025-10-07 01:01:59,020 [ERROR] LogOutputStream:75 - [STDERR_REDIRECT] 
2025-10-07 01:02:00,023 [ERROR] LogOutputStream:75 - [STDERR_REDIRECT] [Fatal Error] :1:1: Premature end of file.
2025-10-07 01:02:00,023 [ERROR] LogOutputStream:75 - [STDERR_REDIRECT] 
2025-10-07 01:02:01,018 [ERROR] LogOutputStream:75 - [STDERR_REDIRECT] [Fatal Error] :1:1: Premature end of file.
2025-10-07 01:02:01,018 [ERROR] LogOutputStream:75 - [STDERR_REDIRECT] 
2025-10-07 01:02:02,021 [ERROR] LogOutputStream:75 - [STDERR_REDIRECT] [Fatal Error] :1:1: Premature end of file.
2025-10-07 01:02:02,022 [ERROR] LogOutputStream:75 - [STDERR_REDIRECT] 
2025-10-07 01:02:03,023 [ERROR] LogOutputStream:75 - [STDERR_REDIRECT] [Fatal Error] :1:1: Premature end of file.
2025-10-07 01:02:03,023 [ERROR] LogOutputStream:75 - [STDERR_REDIRECT] 
2025-10-07 01:02:04,023 [ERROR] LogOutputStream:75 - [STDERR_REDIRECT] [Fatal Error] :1:1: Premature end of file.
2025-10-07 01:02:04,024 [ERROR] LogOutputStream:75 - [STDERR_REDIRECT] 
2025-10-07 01:02:05,022 [ERROR] LogOutputStream:75 - [STDERR_REDIRECT] [Fatal Error] :1:1: Premature end of file.
2025-10-07 01:02:05,023 [ERROR] LogOutputStream:75 - [STDERR_REDIRECT] 
2025-10-07 01:02:06,025 [ERROR] LogOutputStream:75 - [STDERR_REDIRECT] [Fatal Error] :1:1: Premature end of file.
2025-10-07 01:02:06,025 [ERROR] LogOutputStream:75 - [STDERR_REDIRECT] 
2025-10-07 01:02:07,020 [ERROR] LogOutputStream:75 - [STDERR_REDIRECT] [Fatal Error] :1:1: Premature end of file.
2025-10-07 01:02:07,020 [ERROR] LogOutputStream:75 - [STDERR_REDIRECT] 
2025-10-07 01:02:08,022 [ERROR] LogOutputStream:75 - [STDERR_REDIRECT] [Fatal Error] :1:1: Premature end of file.
2025-10-07 01:02:08,022 [ERROR] LogOutputStream:75 - [STDERR_REDIRECT] 
2025-10-07 01:02:09,026 [ERROR] LogOutputStream:75 - [STDERR_REDIRECT] [Fatal Error] :1:1: Premature end of file.
2025-10-07 01:02:09,026 [ERROR] LogOutputStream:75 - [STDERR_REDIRECT] 
2025-10-07 01:02:10,021 [ERROR] LogOutputStream:75 - [STDERR_REDIRECT] [Fatal Error] :1:1: Premature end of file.
2025-10-07 01:02:10,021 [ERROR] LogOutputStream:75 - [STDERR_REDIRECT] 
2025-10-07 01:02:11,024 [ERROR] LogOutputStream:75 - [STDERR_REDIRECT] [Fatal Error] :1:1: Premature end of file.
2025-10-07 01:02:11,024 [ERROR] LogOutputStream:75 - [STDERR_REDIRECT] 
2025-10-07 01:02:12,008 [ERROR] LogOutputStream:75 - [STDERR_REDIRECT] [Fatal Error] :1:1: Premature end of file.
2025-10-07 01:02:12,008 [ERROR] LogOutputStream:75 - [STDERR_REDIRECT] 
2025-10-07 01:02:13,039 [ERROR] LogOutputStream:75 - [STDERR_REDIRECT] [Fatal Error] :1:1: Premature end of file.
2025-10-07 01:02:13,039 [ERROR] LogOutputStream:75 - [STDERR_REDIRECT] 
2025-10-07 01:02:14,022 [ERROR] LogOutputStream:75 - [STDERR_REDIRECT] [Fatal Error] :1:1: Premature end of file.
2025-10-07 01:02:14,022 [ERROR] LogOutputStream:75 - [STDERR_REDIRECT] 
2025-10-07 01:02:15,022 [ERROR] LogOutputStream:75 - [STDERR_REDIRECT] [Fatal Error] :1:1: Premature end of file.
2025-10-07 01:02:15,022 [ERROR] LogOutputStream:75 - [STDERR_REDIRECT] 
2025-10-07 01:02:16,024 [ERROR] LogOutputStream:75 - [STDERR_REDIRECT] [Fatal Error] :1:1: Premature end of file.
2025-10-07 01:02:16,024 [ERROR] LogOutputStream:75 - [STDERR_REDIRECT] 
2025-10-07 01:02:17,024 [ERROR] LogOutputStream:75 - [STDERR_REDIRECT] [Fatal Error] :1:1: Premature end of file.
2025-10-07 01:02:17,024 [ERROR] LogOutputStream:75 - [STDERR_REDIRECT] 
2025-10-07 01:02:18,021 [ERROR] LogOutputStream:75 - [STDERR_REDIRECT] [Fatal Error] :1:1: Premature end of file.
2025-10-07 01:02:18,021 [ERROR] LogOutputStream:75 - [STDERR_REDIRECT] 
2025-10-07 01:02:19,022 [ERROR] LogOutputStream:75 - [STDERR_REDIRECT] [Fatal Error] :1:1: Premature end of file.
2025-10-07 01:02:19,022 [ERROR] LogOutputStream:75 - [STDERR_REDIRECT] 
2025-10-07 01:02:20,027 [ERROR] LogOutputStream:75 - [STDERR_REDIRECT] [Fatal Error] :1:1: Premature end of file.
2025-10-07 01:02:20,028 [ERROR] LogOutputStream:75 - [STDERR_REDIRECT] 
2025-10-07 01:02:21,022 [ERROR] LogOutputStream:75 - [STDERR_REDIRECT] [Fatal Error] :1:1: Premature end of file.
2025-10-07 01:02:21,022 [ERROR] LogOutputStream:75 - [STDERR_REDIRECT] 
2025-10-07 01:02:22,022 [ERROR] LogOutputStream:75 - [STDERR_REDIRECT] [Fatal Error] :1:1: Premature end of file.
2025-10-07 01:02:22,022 [ERROR] LogOutputStream:75 - [STDERR_REDIRECT] 
2025-10-07 01:02:23,006 [ERROR] LogOutputStream:75 - [STDERR_REDIRECT] [Fatal Error] :1:1: Premature end of file.
2025-10-07 01:02:23,021 [ERROR] LogOutputStream:75 - [STDERR_REDIRECT] 
2025-10-07 01:02:24,022 [ERROR] LogOutputStream:75 - [STDERR_REDIRECT] [Fatal Error] :1:1: Premature end of file.
2025-10-07 01:02:24,022 [ERROR] LogOutputStream:75 - [STDERR_REDIRECT] 
2025-10-07 01:02:25,024 [ERROR] LogOutputStream:75 - [STDERR_REDIRECT] [Fatal Error] :1:1: Premature end of file.
2025-10-07 01:02:25,024 [ERROR] LogOutputStream:75 - [STDERR_REDIRECT] 
2025-10-07 01:02:26,021 [ERROR] LogOutputStream:75 - [STDERR_REDIRECT] [Fatal Error] :1:1: Premature end of file.
2025-10-07 01:02:26,021 [ERROR] LogOutputStream:75 - [STDERR_REDIRECT] 
2025-10-07 01:02:27,022 [ERROR] LogOutputStream:75 - [STDERR_REDIRECT] [Fatal Error] :1:1: Premature end of file.
2025-10-07 01:02:27,022 [ERROR] LogOutputStream:75 - [STDERR_REDIRECT] 
2025-10-07 01:02:28,021 [ERROR] LogOutputStream:75 - [STDERR_REDIRECT] [Fatal Error] :1:1: Premature end of file.
2025-10-07 01:02:28,021 [ERROR] LogOutputStream:75 - [STDERR_REDIRECT] 
2025-10-07 01:02:29,023 [ERROR] LogOutputStream:75 - [STDERR_REDIRECT] [Fatal Error] :1:1: Premature end of file.
2025-10-07 01:02:29,023 [ERROR] LogOutputStream:75 - [STDERR_REDIRECT] 
2025-10-07 01:02:30,023 [ERROR] LogOutputStream:75 - [STDERR_REDIRECT] [Fatal Error] :1:1: Premature end of file.
2025-10-07 01:02:30,023 [ERROR] LogOutputStream:75 - [STDERR_REDIRECT] 
2025-10-07 01:02:31,013 [ERROR] LogOutputStream:75 - [STDERR_REDIRECT] [Fatal Error] :1:1: Premature end of file.
2025-10-07 01:02:31,013 [ERROR] LogOutputStream:75 - [STDERR_REDIRECT] 
2025-10-07 01:02:32,029 [ERROR] LogOutputStream:75 - [STDERR_REDIRECT] [Fatal Error] :1:1: Premature end of file.
2025-10-07 01:02:32,029 [ERROR] LogOutputStream:75 - [STDERR_REDIRECT] 
2025-10-07 01:02:33,021 [ERROR] LogOutputStream:75 - [STDERR_REDIRECT] [Fatal Error] :1:1: Premature end of file.
2025-10-07 01:02:33,021 [ERROR] LogOutputStream:75 - [STDERR_REDIRECT] 
2025-10-07 01:02:34,024 [ERROR] LogOutputStream:75 - [STDERR_REDIRECT] [Fatal Error] :1:1: Premature end of file.
2025-10-07 01:02:34,025 [ERROR] LogOutputStream:75 - [STDERR_REDIRECT] 
2025-10-07 01:02:35,007 [ERROR] LogOutputStream:75 - [STDERR_REDIRECT] [Fatal Error] :1:1: Premature end of file.
2025-10-07 01:02:35,007 [ERROR] LogOutputStream:75 - [STDERR_REDIRECT] 
2025-10-07 01:02:36,023 [ERROR] LogOutputStream:75 - [STDERR_REDIRECT] [Fatal Error] :1:1: Premature end of file.
2025-10-07 01:02:36,023 [ERROR] LogOutputStream:75 - [STDERR_REDIRECT] 
2025-10-07 01:02:37,031 [ERROR] LogOutputStream:75 - [STDERR_REDIRECT] [Fatal Error] :1:1: Premature end of file.
2025-10-07 01:02:37,032 [ERROR] LogOutputStream:75 - [STDERR_REDIRECT] 
2025-10-07 01:02:38,020 [ERROR] LogOutputStream:75 - [STDERR_REDIRECT] [Fatal Error] :1:1: Premature end of file.
2025-10-07 01:02:38,021 [ERROR] LogOutputStream:75 - [STDERR_REDIRECT] 
2025-10-07 01:02:39,015 [ERROR] LogOutputStream:75 - [STDERR_REDIRECT] [Fatal Error] :1:1: Premature end of file.
2025-10-07 01:02:39,015 [ERROR] LogOutputStream:75 - [STDERR_REDIRECT] 
2025-10-07 01:02:40,027 [ERROR] LogOutputStream:75 - [STDERR_REDIRECT] [Fatal Error] :1:1: Premature end of file.
2025-10-07 01:02:40,027 [ERROR] LogOutputStream:75 - [STDERR_REDIRECT] 
2025-10-07 01:02:41,024 [ERROR] LogOutputStream:75 - [STDERR_REDIRECT] [Fatal Error] :1:1: Premature end of file.
2025-10-07 01:02:41,024 [ERROR] LogOutputStream:75 - [STDERR_REDIRECT] 
2025-10-07 01:02:42,023 [ERROR] LogOutputStream:75 - [STDERR_REDIRECT] [Fatal Error] :1:1: Premature end of file.
2025-10-07 01:02:42,023 [ERROR] LogOutputStream:75 - [STDERR_REDIRECT] 
2025-10-07 01:02:43,020 [ERROR] LogOutputStream:75 - [STDERR_REDIRECT] [Fatal Error] :1:1: Premature end of file.
2025-10-07 01:02:43,021 [ERROR] LogOutputStream:75 - [STDERR_REDIRECT] 
2025-10-07 01:02:44,024 [ERROR] LogOutputStream:75 - [STDERR_REDIRECT] [Fatal Error] :1:1: Premature end of file.
2025-10-07 01:02:44,024 [ERROR] LogOutputStream:75 - [STDERR_REDIRECT] 
2025-10-07 01:02:45,014 [ERROR] LogOutputStream:75 - [STDERR_REDIRECT] [Fatal Error] :1:1: Premature end of file.
2025-10-07 01:02:45,014 [ERROR] LogOutputStream:75 - [STDERR_REDIRECT] 
2025-10-07 01:02:46,029 [ERROR] LogOutputStream:75 - [STDERR_REDIRECT] [Fatal Error] :1:1: Premature end of file.
2025-10-07 01:02:46,030 [ERROR] LogOutputStream:75 - [STDERR_REDIRECT] 
2025-10-07 01:02:47,014 [ERROR] LogOutputStream:75 - [STDERR_REDIRECT] [Fatal Error] :1:1: Premature end of file.
2025-10-07 01:02:47,014 [ERROR] LogOutputStream:75 - [STDERR_REDIRECT] 
2025-10-07 01:02:48,028 [ERROR] LogOutputStream:75 - [STDERR_REDIRECT] [Fatal Error] :1:1: Premature end of file.
2025-10-07 01:02:48,028 [ERROR] LogOutputStream:75 - [STDERR_REDIRECT] 
2025-10-07 01:02:49,014 [ERROR] LogOutputStream:75 - [STDERR_REDIRECT] [Fatal Error] :1:1: Premature end of file.
2025-10-07 01:02:49,014 [ERROR] LogOutputStream:75 - [STDERR_REDIRECT] 
2025-10-07 01:02:50,029 [ERROR] LogOutputStream:75 - [STDERR_REDIRECT] [Fatal Error] :1:1: Premature end of file.
2025-10-07 01:02:50,030 [ERROR] LogOutputStream:75 - [STDERR_REDIRECT] 
2025-10-07 01:02:51,021 [ERROR] LogOutputStream:75 - [STDERR_REDIRECT] [Fatal Error] :1:1: Premature end of file.
2025-10-07 01:02:51,021 [ERROR] LogOutputStream:75 - [STDERR_REDIRECT] 
2025-10-07 01:02:52,021 [ERROR] LogOutputStream:75 - [STDERR_REDIRECT] [Fatal Error] :1:1: Premature end of file.
2025-10-07 01:02:52,021 [ERROR] LogOutputStream:75 - [STDERR_REDIRECT] 
2025-10-07 01:02:53,021 [ERROR] LogOutputStream:75 - [STDERR_REDIRECT] [Fatal Error] :1:1: Premature end of file.
2025-10-07 01:02:53,021 [ERROR] LogOutputStream:75 - [STDERR_REDIRECT] 
2025-10-07 01:02:54,026 [ERROR] LogOutputStream:75 - [STDERR_REDIRECT] [Fatal Error] :1:1: Premature end of file.
2025-10-07 01:02:54,027 [ERROR] LogOutputStream:75 - [STDERR_REDIRECT] 
2025-10-07 01:02:55,015 [ERROR] LogOutputStream:75 - [STDERR_REDIRECT] [Fatal Error] :1:1: Premature end of file.
2025-10-07 01:02:55,015 [ERROR] LogOutputStream:75 - [STDERR_REDIRECT] 
2025-10-07 01:02:56,024 [ERROR] LogOutputStream:75 - [STDERR_REDIRECT] [Fatal Error] :1:1: Premature end of file.
2025-10-07 01:02:56,024 [ERROR] LogOutputStream:75 - [STDERR_REDIRECT] 
2025-10-07 01:02:57,019 [ERROR] LogOutputStream:75 - [STDERR_REDIRECT] [Fatal Error] :1:1: Premature end of file.
2025-10-07 01:02:57,019 [ERROR] LogOutputStream:75 - [STDERR_REDIRECT] 
2025-10-07 01:02:58,019 [ERROR] LogOutputStream:75 - [STDERR_REDIRECT] [Fatal Error] :1:1: Premature end of file.
2025-10-07 01:02:58,020 [ERROR] LogOutputStream:75 - [STDERR_REDIRECT] 
2025-10-07 01:02:59,028 [ERROR] LogOutputStream:75 - [STDERR_REDIRECT] [Fatal Error] :1:1: Premature end of file.
2025-10-07 01:02:59,029 [ERROR] LogOutputStream:75 - [STDERR_REDIRECT] 
2025-10-07 01:03:00,019 [ERROR] LogOutputStream:75 - [STDERR_REDIRECT] [Fatal Error] :1:1: Premature end of file.
2025-10-07 01:03:00,019 [ERROR] LogOutputStream:75 - [STDERR_REDIRECT] 
2025-10-07 01:03:01,014 [ERROR] LogOutputStream:75 - [STDERR_REDIRECT] [Fatal Error] :1:1: Premature end of file.
2025-10-07 01:03:01,014 [ERROR] LogOutputStream:75 - [STDERR_REDIRECT] 
2025-10-07 01:03:02,034 [ERROR] LogOutputStream:75 - [STDERR_REDIRECT] [Fatal Error] :1:1: Premature end of file.
2025-10-07 01:03:02,034 [ERROR] LogOutputStream:75 - [STDERR_REDIRECT] 
2025-10-07 01:03:03,020 [ERROR] LogOutputStream:75 - [STDERR_REDIRECT] [Fatal Error] :1:1: Premature end of file.
2025-10-07 01:03:03,020 [ERROR] LogOutputStream:75 - [STDERR_REDIRECT] 
2025-10-07 01:03:04,025 [ERROR] LogOutputStream:75 - [STDERR_REDIRECT] [Fatal Error] :1:1: Premature end of file.
2025-10-07 01:03:04,025 [ERROR] LogOutputStream:75 - [STDERR_REDIRECT] 
2025-10-07 01:03:05,024 [ERROR] LogOutputStream:75 - [STDERR_REDIRECT] [Fatal Error] :1:1: Premature end of file.
2025-10-07 01:03:05,024 [ERROR] LogOutputStream:75 - [STDERR_REDIRECT] 
2025-10-07 01:03:06,026 [ERROR] LogOutputStream:75 - [STDERR_REDIRECT] [Fatal Error] :1:1: Premature end of file.
2025-10-07 01:03:06,026 [ERROR] LogOutputStream:75 - [STDERR_REDIRECT] 
2025-10-07 01:03:07,023 [ERROR] LogOutputStream:75 - [STDERR_REDIRECT] [Fatal Error] :1:1: Premature end of file.
2025-10-07 01:03:07,023 [ERROR] LogOutputStream:75 - [STDERR_REDIRECT] 
2025-10-07 01:03:08,009 [ERROR] LogOutputStream:75 - [STDERR_REDIRECT] [Fatal Error] :1:1: Premature end of file.
2025-10-07 01:03:08,009 [ERROR] LogOutputStream:75 - [STDERR_REDIRECT] 
2025-10-07 01:03:09,026 [ERROR] LogOutputStream:75 - [STDERR_REDIRECT] [Fatal Error] :1:1: Premature end of file.
2025-10-07 01:03:09,026 [ERROR] LogOutputStream:75 - [STDERR_REDIRECT] 
2025-10-07 01:03:10,025 [ERROR] LogOutputStream:75 - [STDERR_REDIRECT] [Fatal Error] :1:1: Premature end of file.
2025-10-07 01:03:10,025 [ERROR] LogOutputStream:75 - [STDERR_REDIRECT] 
2025-10-07 01:03:11,028 [ERROR] LogOutputStream:75 - [STDERR_REDIRECT] [Fatal Error] :1:1: Premature end of file.
2025-10-07 01:03:11,028 [ERROR] LogOutputStream:75 - [STDERR_REDIRECT] 
2025-10-07 01:03:12,009 [ERROR] LogOutputStream:75 - [STDERR_REDIRECT] [Fatal Error] :1:1: Premature end of file.
2025-10-07 01:03:12,009 [ERROR] LogOutputStream:75 - [STDERR_REDIRECT] 
2025-10-07 01:03:13,033 [ERROR] LogOutputStream:75 - [STDERR_REDIRECT] [Fatal Error] :1:1: Premature end of file.
2025-10-07 01:03:13,033 [ERROR] LogOutputStream:75 - [STDERR_REDIRECT] 
2025-10-07 01:03:14,019 [ERROR] LogOutputStream:75 - [STDERR_REDIRECT] [Fatal Error] :1:1: Premature end of file.
2025-10-07 01:03:14,020 [ERROR] LogOutputStream:75 - [STDERR_REDIRECT] 
2025-10-07 01:03:15,015 [ERROR] LogOutputStream:75 - [STDERR_REDIRECT] [Fatal Error] :1:1: Premature end of file.
2025-10-07 01:03:15,015 [ERROR] LogOutputStream:75 - [STDERR_REDIRECT] 
2025-10-07 01:03:16,026 [ERROR] LogOutputStream:75 - [STDERR_REDIRECT] [Fatal Error] :1:1: Premature end of file.
2025-10-07 01:03:16,026 [ERROR] LogOutputStream:75 - [STDERR_REDIRECT] 
2025-10-07 01:03:17,026 [ERROR] LogOutputStream:75 - [STDERR_REDIRECT] [Fatal Error] :1:1: Premature end of file.
2025-10-07 01:03:17,026 [ERROR] LogOutputStream:75 - [STDERR_REDIRECT] 
2025-10-07 01:03:18,017 [ERROR] LogOutputStream:75 - [STDERR_REDIRECT] [Fatal Error] :1:1: Premature end of file.
2025-10-07 01:03:18,025 [ERROR] LogOutputStream:75 - [STDERR_REDIRECT] 
2025-10-07 01:03:19,019 [ERROR] LogOutputStream:75 - [STDERR_REDIRECT] [Fatal Error] :1:1: Premature end of file.
2025-10-07 01:03:19,019 [ERROR] LogOutputStream:75 - [STDERR_REDIRECT] 
2025-10-07 01:03:20,023 [ERROR] LogOutputStream:75 - [STDERR_REDIRECT] [Fatal Error] :1:1: Premature end of file.
2025-10-07 01:03:20,023 [ERROR] LogOutputStream:75 - [STDERR_REDIRECT] 
2025-10-07 01:03:21,020 [ERROR] LogOutputStream:75 - [STDERR_REDIRECT] [Fatal Error] :1:1: Premature end of file.
2025-10-07 01:03:21,020 [ERROR] LogOutputStream:75 - [STDERR_REDIRECT] 
2025-10-07 01:03:22,029 [ERROR] LogOutputStream:75 - [STDERR_REDIRECT] [Fatal Error] :1:1: Premature end of file.
2025-10-07 01:03:22,029 [ERROR] LogOutputStream:75 - [STDERR_REDIRECT] 
2025-10-07 01:03:23,014 [ERROR] LogOutputStream:75 - [STDERR_REDIRECT] [Fatal Error] :1:1: Premature end of file.
2025-10-07 01:03:23,014 [ERROR] LogOutputStream:75 - [STDERR_REDIRECT] 
2025-10-07 01:03:24,031 [ERROR] LogOutputStream:75 - [STDERR_REDIRECT] [Fatal Error] :1:1: Premature end of file.
2025-10-07 01:03:24,031 [ERROR] LogOutputStream:75 - [STDERR_REDIRECT] 
2025-10-07 01:03:25,021 [ERROR] LogOutputStream:75 - [STDERR_REDIRECT] [Fatal Error] :1:1: Premature end of file.
2025-10-07 01:03:25,021 [ERROR] LogOutputStream:75 - [STDERR_REDIRECT] 
2025-10-07 01:03:26,026 [ERROR] LogOutputStream:75 - [STDERR_REDIRECT] [Fatal Error] :1:1: Premature end of file.
2025-10-07 01:03:26,026 [ERROR] LogOutputStream:75 - [STDERR_REDIRECT] 
2025-10-07 01:03:27,022 [ERROR] LogOutputStream:75 - [STDERR_REDIRECT] [Fatal Error] :1:1: Premature end of file.
2025-10-07 01:03:27,023 [ERROR] LogOutputStream:75 - [STDERR_REDIRECT] 
2025-10-07 01:03:28,022 [ERROR] LogOutputStream:75 - [STDERR_REDIRECT] [Fatal Error] :1:1: Premature end of file.
2025-10-07 01:03:28,022 [ERROR] LogOutputStream:75 - [STDERR_REDIRECT] 
2025-10-07 01:03:29,025 [ERROR] LogOutputStream:75 - [STDERR_REDIRECT] [Fatal Error] :1:1: Premature end of file.
2025-10-07 01:03:29,025 [ERROR] LogOutputStream:75 - [STDERR_REDIRECT] 
2025-10-07 01:03:30,022 [ERROR] LogOutputStream:75 - [STDERR_REDIRECT] [Fatal Error] :1:1: Premature end of file.
2025-10-07 01:03:30,022 [ERROR] LogOutputStream:75 - [STDERR_REDIRECT] 
2025-10-07 01:03:31,021 [ERROR] LogOutputStream:75 - [STDERR_REDIRECT] [Fatal Error] :1:1: Premature end of file.
2025-10-07 01:03:31,021 [ERROR] LogOutputStream:75 - [STDERR_REDIRECT] 
2025-10-07 01:03:32,015 [ERROR] LogOutputStream:75 - [STDERR_REDIRECT] [Fatal Error] :1:1: Premature end of file.
2025-10-07 01:03:32,015 [ERROR] LogOutputStream:75 - [STDERR_REDIRECT] 
2025-10-07 01:03:33,029 [ERROR] LogOutputStream:75 - [STDERR_REDIRECT] [Fatal Error] :1:1: Premature end of file.
2025-10-07 01:03:33,030 [ERROR] LogOutputStream:75 - [STDERR_REDIRECT] 
2025-10-07 01:03:34,026 [ERROR] LogOutputStream:75 - [STDERR_REDIRECT] [Fatal Error] :1:1: Premature end of file.
2025-10-07 01:03:34,026 [ERROR] LogOutputStream:75 - [STDERR_REDIRECT] 
2025-10-07 01:03:35,021 [ERROR] LogOutputStream:75 - [STDERR_REDIRECT] [Fatal Error] :1:1: Premature end of file.
2025-10-07 01:03:35,021 [ERROR] LogOutputStream:75 - [STDERR_REDIRECT] 
2025-10-07 01:03:36,024 [ERROR] LogOutputStream:75 - [STDERR_REDIRECT] [Fatal Error] :1:1: Premature end of file.
2025-10-07 01:03:36,024 [ERROR] LogOutputStream:75 - [STDERR_REDIRECT] 
2025-10-07 01:03:37,014 [ERROR] LogOutputStream:75 - [STDERR_REDIRECT] [Fatal Error] :1:1: Premature end of file.
2025-10-07 01:03:37,014 [ERROR] LogOutputStream:75 - [STDERR_REDIRECT] 
2025-10-07 01:03:38,030 [ERROR] LogOutputStream:75 - [STDERR_REDIRECT] [Fatal Error] :1:1: Premature end of file.
2025-10-07 01:03:38,030 [ERROR] LogOutputStream:75 - [STDERR_REDIRECT] 
2025-10-07 01:03:39,030 [ERROR] LogOutputStream:75 - [STDERR_REDIRECT] [Fatal Error] :1:1: Premature end of file.
2025-10-07 01:03:39,030 [ERROR] LogOutputStream:75 - [STDERR_REDIRECT] 
2025-10-07 01:03:40,026 [ERROR] LogOutputStream:75 - [STDERR_REDIRECT] [Fatal Error] :1:1: Premature end of file.
2025-10-07 01:03:40,026 [ERROR] LogOutputStream:75 - [STDERR_REDIRECT] 
2025-10-07 01:03:41,025 [ERROR] LogOutputStream:75 - [STDERR_REDIRECT] [Fatal Error] :1:1: Premature end of file.
2025-10-07 01:03:41,025 [ERROR] LogOutputStream:75 - [STDERR_REDIRECT] 
2025-10-07 01:03:42,015 [ERROR] LogOutputStream:75 - [STDERR_REDIRECT] [Fatal Error] :1:1: Premature end of file.
2025-10-07 01:03:42,015 [ERROR] LogOutputStream:75 - [STDERR_REDIRECT] 
2025-10-07 01:03:43,030 [ERROR] LogOutputStream:75 - [STDERR_REDIRECT] [Fatal Error] :1:1: Premature end of file.
2025-10-07 01:03:43,030 [ERROR] LogOutputStream:75 - [STDERR_REDIRECT] 
2025-10-07 01:03:44,028 [ERROR] LogOutputStream:75 - [STDERR_REDIRECT] [Fatal Error] :1:1: Premature end of file.
2025-10-07 01:03:44,028 [ERROR] LogOutputStream:75 - [STDERR_REDIRECT] 
2025-10-07 01:03:45,025 [ERROR] LogOutputStream:75 - [STDERR_REDIRECT] [Fatal Error] :1:1: Premature end of file.
2025-10-07 01:03:45,025 [ERROR] LogOutputStream:75 - [STDERR_REDIRECT] 
2025-10-07 01:03:46,019 [ERROR] LogOutputStream:75 - [STDERR_REDIRECT] [Fatal Error] :1:1: Premature end of file.
2025-10-07 01:03:46,020 [ERROR] LogOutputStream:75 - [STDERR_REDIRECT] 
2025-10-07 01:03:47,021 [ERROR] LogOutputStream:75 - [STDERR_REDIRECT] [Fatal Error] :1:1: Premature end of file.
2025-10-07 01:03:47,022 [ERROR] LogOutputStream:75 - [STDERR_REDIRECT] 
2025-10-07 01:03:48,021 [ERROR] LogOutputStream:75 - [STDERR_REDIRECT] [Fatal Error] :1:1: Premature end of file.
2025-10-07 01:03:48,021 [ERROR] LogOutputStream:75 - [STDERR_REDIRECT] 
2025-10-07 01:03:49,016 [ERROR] LogOutputStream:75 - [STDERR_REDIRECT] [Fatal Error] :1:1: Premature end of file.
2025-10-07 01:03:49,016 [ERROR] LogOutputStream:75 - [STDERR_REDIRECT] 
2025-10-07 01:03:50,026 [ERROR] LogOutputStream:75 - [STDERR_REDIRECT] [Fatal Error] :1:1: Premature end of file.
2025-10-07 01:03:50,026 [ERROR] LogOutputStream:75 - [STDERR_REDIRECT] 
2025-10-07 01:03:51,026 [ERROR] LogOutputStream:75 - [STDERR_REDIRECT] [Fatal Error] :1:1: Premature end of file.
2025-10-07 01:03:51,027 [ERROR] LogOutputStream:75 - [STDERR_REDIRECT] 
2025-10-07 01:03:51,217 [ERROR] LogOutputStream:75 - [STDERR_REDIRECT] 
2025-10-07 01:03:51,217 [ERROR] LogOutputStream:75 - [STDERR_REDIRECT] 
